e:\devprojects\qtmediacatalog\qtmediacatalog\x64\release\catalog.obj
e:\devprojects\qtmediacatalog\qtmediacatalog\x64\release\mediarecord.obj
e:\devprojects\qtmediacatalog\qtmediacatalog\x64\release\qtmediacatalog.obj
e:\devprojects\qtmediacatalog\qtmediacatalog\x64\release\moc_filedatamodel.obj
e:\devprojects\qtmediacatalog\qtmediacatalog\x64\release\main.obj
e:\devprojects\qtmediacatalog\qtmediacatalog\x64\release\moc_catalog.obj
e:\devprojects\qtmediacatalog\qtmediacatalog\x64\release\qrc_qtmediacatalog.obj
e:\devprojects\qtmediacatalog\qtmediacatalog\x64\release\moc_qtmediacatalog.obj
e:\devprojects\qtmediacatalog\qtmediacatalog\x64\release\filedatamodel.obj
e:\devprojects\qtmediacatalog\x64\release\qtmediacatalog.exe
e:\devprojects\qtmediacatalog\qtmediacatalog\generatedfiles\release\moc_qtmediacatalog.cpp
e:\devprojects\qtmediacatalog\qtmediacatalog\generatedfiles\release\moc_catalog.cpp
e:\devprojects\qtmediacatalog\qtmediacatalog\generatedfiles\release\moc_filedatamodel.cpp
e:\devprojects\qtmediacatalog\qtmediacatalog\generatedfiles\qrc_qtmediacatalog.cpp
e:\devprojects\qtmediacatalog\qtmediacatalog\generatedfiles\ui_qtmediacatalog.h
e:\devprojects\qtmediacatalog\qtmediacatalog\.\generatedfiles\release\moc_qtmediacatalog.cpp
e:\devprojects\qtmediacatalog\qtmediacatalog\.\generatedfiles\release\moc_catalog.cpp
e:\devprojects\qtmediacatalog\qtmediacatalog\.\generatedfiles\release\moc_filedatamodel.cpp
e:\devprojects\qtmediacatalog\qtmediacatalog\.\generatedfiles\qrc_qtmediacatalog.cpp
e:\devprojects\qtmediacatalog\qtmediacatalog\.\generatedfiles\ui_qtmediacatalog.h
e:\devprojects\qtmediacatalog\qtmediacatalog\x64\release\qtmediacatalog.tlog\cl.command.1.tlog
e:\devprojects\qtmediacatalog\qtmediacatalog\x64\release\qtmediacatalog.tlog\cl.read.1.tlog
e:\devprojects\qtmediacatalog\qtmediacatalog\x64\release\qtmediacatalog.tlog\cl.write.1.tlog
e:\devprojects\qtmediacatalog\qtmediacatalog\x64\release\qtmediacatalog.tlog\link.command.1.tlog
e:\devprojects\qtmediacatalog\qtmediacatalog\x64\release\qtmediacatalog.tlog\link.read.1.tlog
e:\devprojects\qtmediacatalog\qtmediacatalog\x64\release\qtmediacatalog.tlog\link.write.1.tlog
e:\devprojects\qtmediacatalog\qtmediacatalog\x64\release\qtmediacatalog.tlog\qtmediacatalog.write.1u.tlog
e:\devprojects\qtmediacatalog\qtmediacatalog\x64\release\qtmediacatalog.tlog\qtmoc.read.1u.tlog
e:\devprojects\qtmediacatalog\qtmediacatalog\x64\release\qtmediacatalog.tlog\qtmoc.write.1u.tlog
e:\devprojects\qtmediacatalog\qtmediacatalog\x64\release\qtmediacatalog.tlog\qtrcc.read.1u.tlog
e:\devprojects\qtmediacatalog\qtmediacatalog\x64\release\qtmediacatalog.tlog\qtrcc.write.1u.tlog
e:\devprojects\qtmediacatalog\qtmediacatalog\x64\release\qtmediacatalog.tlog\qtuic.read.1u.tlog
e:\devprojects\qtmediacatalog\qtmediacatalog\x64\release\qtmediacatalog.tlog\qtuic.write.1u.tlog
