c:\users\екатерина\documents\visual studio 2015\projects\qtmediacatalog\qtmediacatalog\x64\debug\main.obj
c:\users\екатерина\documents\visual studio 2015\projects\qtmediacatalog\qtmediacatalog\x64\debug\moc_qtmediacatalog.obj
c:\users\екатерина\documents\visual studio 2015\projects\qtmediacatalog\qtmediacatalog\x64\debug\qrc_qtmediacatalog.obj
c:\users\екатерина\documents\visual studio 2015\projects\qtmediacatalog\qtmediacatalog\x64\debug\qtmediacatalog.obj
c:\users\екатерина\documents\visual studio 2015\projects\qtmediacatalog\qtmediacatalog\x64\debug\vc140.pdb
e:\devprojects\qtmediacatalog\qtmediacatalog\x64\debug\qrc_qtmediacatalog.obj
e:\devprojects\qtmediacatalog\qtmediacatalog\x64\debug\qtmediacatalog.obj
e:\devprojects\qtmediacatalog\qtmediacatalog\x64\debug\moc_qtmediacatalog.obj
e:\devprojects\qtmediacatalog\qtmediacatalog\x64\debug\main.obj
e:\devprojects\qtmediacatalog\qtmediacatalog\x64\debug\catalog.obj
e:\devprojects\qtmediacatalog\qtmediacatalog\x64\debug\moc_catalog.obj
e:\devprojects\qtmediacatalog\qtmediacatalog\x64\debug\mediarecord.obj
e:\devprojects\qtmediacatalog\qtmediacatalog\x64\debug\moc_mediarecord.obj
e:\devprojects\qtmediacatalog\qtmediacatalog\x64\debug\vc140.pdb
e:\devprojects\qtmediacatalog\qtmediacatalog\x64\debug\filedatamodel.obj
e:\devprojects\qtmediacatalog\qtmediacatalog\x64\debug\moc_filedatamodel.obj
c:\users\екатерина\documents\visual studio 2015\projects\qtmediacatalog\x64\debug\qtmediacatalog.ilk
c:\users\екатерина\documents\visual studio 2015\projects\qtmediacatalog\x64\debug\qtmediacatalog.exe
c:\users\екатерина\documents\visual studio 2015\projects\qtmediacatalog\x64\debug\qtmediacatalog.pdb
e:\devprojects\qtmediacatalog\x64\debug\qtmediacatalog.ilk
e:\devprojects\qtmediacatalog\x64\debug\qtmediacatalog.exe
e:\devprojects\qtmediacatalog\x64\debug\qtmediacatalog.pdb
c:\users\екатерина\documents\visual studio 2015\projects\qtmediacatalog\qtmediacatalog\generatedfiles\debug\moc_qtmediacatalog.cpp
c:\users\екатерина\documents\visual studio 2015\projects\qtmediacatalog\qtmediacatalog\generatedfiles\qrc_qtmediacatalog.cpp
c:\users\екатерина\documents\visual studio 2015\projects\qtmediacatalog\qtmediacatalog\generatedfiles\ui_qtmediacatalog.h
e:\devprojects\qtmediacatalog\qtmediacatalog\generatedfiles\debug\moc_qtmediacatalog.cpp
e:\devprojects\qtmediacatalog\qtmediacatalog\generatedfiles\qrc_qtmediacatalog.cpp
e:\devprojects\qtmediacatalog\qtmediacatalog\generatedfiles\ui_qtmediacatalog.h
e:\devprojects\qtmediacatalog\qtmediacatalog\generatedfiles\debug\moc_mediarecord.cpp
e:\devprojects\qtmediacatalog\qtmediacatalog\generatedfiles\debug\moc_catalog.cpp
e:\devprojects\qtmediacatalog\qtmediacatalog\generatedfiles\debug\moc_filedatamodel.cpp
e:\devprojects\qtmediacatalog\qtmediacatalog\.\generatedfiles\debug\moc_qtmediacatalog.cpp
e:\devprojects\qtmediacatalog\qtmediacatalog\.\generatedfiles\debug\moc_catalog.cpp
e:\devprojects\qtmediacatalog\qtmediacatalog\.\generatedfiles\debug\moc_filedatamodel.cpp
e:\devprojects\qtmediacatalog\qtmediacatalog\.\generatedfiles\qrc_qtmediacatalog.cpp
e:\devprojects\qtmediacatalog\qtmediacatalog\.\generatedfiles\ui_qtmediacatalog.h
e:\devprojects\qtmediacatalog\qtmediacatalog\x64\debug\qtmediacatalog.tlog\cl.command.1.tlog
e:\devprojects\qtmediacatalog\qtmediacatalog\x64\debug\qtmediacatalog.tlog\cl.read.1.tlog
e:\devprojects\qtmediacatalog\qtmediacatalog\x64\debug\qtmediacatalog.tlog\cl.write.1.tlog
e:\devprojects\qtmediacatalog\qtmediacatalog\x64\debug\qtmediacatalog.tlog\link.command.1.tlog
e:\devprojects\qtmediacatalog\qtmediacatalog\x64\debug\qtmediacatalog.tlog\link.read.1.tlog
e:\devprojects\qtmediacatalog\qtmediacatalog\x64\debug\qtmediacatalog.tlog\link.write.1.tlog
e:\devprojects\qtmediacatalog\qtmediacatalog\x64\debug\qtmediacatalog.tlog\qtmediacatalog.write.1u.tlog
e:\devprojects\qtmediacatalog\qtmediacatalog\x64\debug\qtmediacatalog.tlog\qtmoc.read.1u.tlog
e:\devprojects\qtmediacatalog\qtmediacatalog\x64\debug\qtmediacatalog.tlog\qtmoc.write.1u.tlog
e:\devprojects\qtmediacatalog\qtmediacatalog\x64\debug\qtmediacatalog.tlog\qtrcc.read.1u.tlog
e:\devprojects\qtmediacatalog\qtmediacatalog\x64\debug\qtmediacatalog.tlog\qtrcc.write.1u.tlog
e:\devprojects\qtmediacatalog\qtmediacatalog\x64\debug\qtmediacatalog.tlog\qtuic.read.1u.tlog
e:\devprojects\qtmediacatalog\qtmediacatalog\x64\debug\qtmediacatalog.tlog\qtuic.write.1u.tlog
