e:\devprojects\qtmediacatalog-cop\qtmediacatalog\x64\debug\catalog.obj
e:\devprojects\qtmediacatalog-cop\qtmediacatalog\x64\debug\moc_enterpathdialog.obj
e:\devprojects\qtmediacatalog-cop\qtmediacatalog\x64\debug\qtmediacatalog.obj
e:\devprojects\qtmediacatalog-cop\qtmediacatalog\x64\debug\main.obj
e:\devprojects\qtmediacatalog-cop\qtmediacatalog\x64\debug\checkboxdelegate.obj
e:\devprojects\qtmediacatalog-cop\qtmediacatalog\x64\debug\qrc_qtmediacatalog.obj
e:\devprojects\qtmediacatalog-cop\qtmediacatalog\x64\debug\filedatamodel.obj
e:\devprojects\qtmediacatalog-cop\qtmediacatalog\x64\debug\moc_filedatamodel.obj
e:\devprojects\qtmediacatalog-cop\qtmediacatalog\x64\debug\enterpathdialog.obj
e:\devprojects\qtmediacatalog-cop\qtmediacatalog\x64\debug\moc_catalog.obj
e:\devprojects\qtmediacatalog-cop\qtmediacatalog\x64\debug\mediarecord.obj
e:\devprojects\qtmediacatalog-cop\qtmediacatalog\x64\debug\moc_checkboxdelegate.obj
e:\devprojects\qtmediacatalog-cop\qtmediacatalog\x64\debug\moc_qtmediacatalog.obj
e:\devprojects\qtmediacatalog-cop\qtmediacatalog\x64\debug\vc140.pdb
e:\devprojects\qtmediacatalog-cop\x64\debug\qtmediacatalog-cop.ilk
e:\devprojects\qtmediacatalog-cop\x64\debug\qtmediacatalog-cop.exe
e:\devprojects\qtmediacatalog-cop\x64\debug\qtmediacatalog-cop.pdb
e:\devprojects\qtmediacatalog-cop\qtmediacatalog\generatedfiles\debug\moc_qtmediacatalog.cpp
e:\devprojects\qtmediacatalog-cop\qtmediacatalog\generatedfiles\debug\moc_checkboxdelegate.cpp
e:\devprojects\qtmediacatalog-cop\qtmediacatalog\generatedfiles\debug\moc_enterpathdialog.cpp
e:\devprojects\qtmediacatalog-cop\qtmediacatalog\generatedfiles\debug\moc_catalog.cpp
e:\devprojects\qtmediacatalog-cop\qtmediacatalog\generatedfiles\debug\moc_filedatamodel.cpp
e:\devprojects\qtmediacatalog-cop\qtmediacatalog\generatedfiles\qrc_qtmediacatalog.cpp
e:\devprojects\qtmediacatalog-cop\qtmediacatalog\generatedfiles\ui_qtmediacatalog.h
e:\devprojects\qtmediacatalog-cop\qtmediacatalog\.\generatedfiles\debug\moc_qtmediacatalog.cpp
e:\devprojects\qtmediacatalog-cop\qtmediacatalog\.\generatedfiles\debug\moc_checkboxdelegate.cpp
e:\devprojects\qtmediacatalog-cop\qtmediacatalog\.\generatedfiles\debug\moc_enterpathdialog.cpp
e:\devprojects\qtmediacatalog-cop\qtmediacatalog\.\generatedfiles\debug\moc_catalog.cpp
e:\devprojects\qtmediacatalog-cop\qtmediacatalog\.\generatedfiles\debug\moc_filedatamodel.cpp
e:\devprojects\qtmediacatalog-cop\qtmediacatalog\.\generatedfiles\qrc_qtmediacatalog.cpp
e:\devprojects\qtmediacatalog-cop\qtmediacatalog\.\generatedfiles\ui_qtmediacatalog.h
e:\devprojects\qtmediacatalog-cop\qtmediacatalog\x64\debug\qtmediac.b12702ad.tlog\cl.command.1.tlog
e:\devprojects\qtmediacatalog-cop\qtmediacatalog\x64\debug\qtmediac.b12702ad.tlog\cl.read.1.tlog
e:\devprojects\qtmediacatalog-cop\qtmediacatalog\x64\debug\qtmediac.b12702ad.tlog\cl.write.1.tlog
e:\devprojects\qtmediacatalog-cop\qtmediacatalog\x64\debug\qtmediac.b12702ad.tlog\link.command.1.tlog
e:\devprojects\qtmediacatalog-cop\qtmediacatalog\x64\debug\qtmediac.b12702ad.tlog\link.read.1.tlog
e:\devprojects\qtmediacatalog-cop\qtmediacatalog\x64\debug\qtmediac.b12702ad.tlog\link.write.1.tlog
e:\devprojects\qtmediacatalog-cop\qtmediacatalog\x64\debug\qtmediac.b12702ad.tlog\qtmediacatalog-cop.write.1u.tlog
e:\devprojects\qtmediacatalog-cop\qtmediacatalog\x64\debug\qtmediac.b12702ad.tlog\qtmoc.read.1u.tlog
e:\devprojects\qtmediacatalog-cop\qtmediacatalog\x64\debug\qtmediac.b12702ad.tlog\qtmoc.write.1u.tlog
e:\devprojects\qtmediacatalog-cop\qtmediacatalog\x64\debug\qtmediac.b12702ad.tlog\qtrcc.read.1u.tlog
e:\devprojects\qtmediacatalog-cop\qtmediacatalog\x64\debug\qtmediac.b12702ad.tlog\qtrcc.write.1u.tlog
e:\devprojects\qtmediacatalog-cop\qtmediacatalog\x64\debug\qtmediac.b12702ad.tlog\qtuic.read.1u.tlog
e:\devprojects\qtmediacatalog-cop\qtmediacatalog\x64\debug\qtmediac.b12702ad.tlog\qtuic.write.1u.tlog
